[I 2023-08-18 19:18:56,958] Trial 142 finished with value: 0.8877643898683141 and parameters: {'learning_rate': 0.1615088868233176, 'n_estimators': 1500, 'max_depth': 11, 'max_bin': 147, 'num_leaves': 42, 'reg_lambda': 0.11947954756026011, 'reg_alpha': 0}. Best is trial 71 with value: 0.8889076271646138.
[I 2023-08-18 19:19:24,066] Trial 143 finished with value: 0.8869005277581907 and parameters: {'learning_rate': 0.26981552161107186, 'n_estimators': 1450, 'max_depth': 8, 'max_bin': 156, 'num_leaves': 49, 'reg_lambda': 0.5349940894699604, 'reg_alpha': 0}. Best is trial 71 with value: 0.8889076271646138.
[I 2023-08-18 19:19:52,299] Trial 144 finished with value: 0.8872965894543153 and parameters: {'learning_rate': 0.19538258458270422, 'n_estimators': 1450, 'max_depth': 10, 'max_bin': 152, 'num_leaves': 53, 'reg_lambda': 1.9765410878648462, 'reg_alpha': 0}. Best is trial 71 with value: 0.8889076271646138.
[I 2023-08-18 19:20:20,688] Trial 145 finished with value: 0.8870214539893693 and parameters: {'learning_rate': 0.12512667420459647, 'n_estimators': 1500, 'max_depth': 17, 'max_bin': 149, 'num_leaves': 44, 'reg_lambda': 0.2140311826000973, 'reg_alpha': 0}. Best is trial 71 with value: 0.8889076271646138.
[I 2023-08-18 19:20:50,064] Trial 146 finished with value: 0.8877016788819414 and parameters: {'learning_rate': 0.17514059851851754, 'n_estimators': 1400, 'max_depth': 16, 'max_bin': 154, 'num_leaves': 39, 'reg_lambda': 0.03806805808549113, 'reg_alpha': 0}. Best is trial 71 with value: 0.8889076271646138.
[I 2023-08-18 19:21:19,481] Trial 147 finished with value: 0.8837855463855682 and parameters: {'learning_rate': 0.2211197927106756, 'n_estimators': 950, 'max_depth': 5, 'max_bin': 158, 'num_leaves': 35, 'reg_lambda': 0.08645343306527298, 'reg_alpha': 0}. Best is trial 71 with value: 0.8889076271646138.
[I 2023-08-18 19:21:51,895] Trial 148 finished with value: 0.8876562728875129 and parameters: {'learning_rate': 0.14737985688597152, 'n_estimators': 1500, 'max_depth': 19, 'max_bin': 147, 'num_leaves': 99, 'reg_lambda': 0.33888863304778005, 'reg_alpha': 0}. Best is trial 71 with value: 0.8889076271646138.
[I 2023-08-18 19:22:19,424] Trial 149 finished with value: 0.8716283562108289 and parameters: {'learning_rate': 0.11258734848931412, 'n_estimators': 1450, 'max_depth': 17, 'max_bin': 43, 'num_leaves': 57, 'reg_lambda': 0.02564832486916855, 'reg_alpha': 0}. Best is trial 71 with value: 0.8889076271646138.
[I 2023-08-18 19:22:44,208] Trial 150 finished with value: 0.8786636457125191 and parameters: {'learning_rate': 0.239704141105661, 'n_estimators': 1450, 'max_depth': 4, 'max_bin': 142, 'num_leaves': 51, 'reg_lambda': 0.1286292860723126, 'reg_alpha': 0}. Best is trial 71 with value: 0.8889076271646138.
[I 2023-08-18 19:23:11,321] Trial 151 finished with value: 0.8876927931213802 and parameters: {'learning_rate': 0.19372861154723464, 'n_estimators': 1400, 'max_depth': 18, 'max_bin': 160, 'num_leaves': 37, 'reg_lambda': 0.011522385566277308, 'reg_alpha': 0}. Best is trial 71 with value: 0.8889076271646138.
[I 2023-08-18 19:23:38,269] Trial 152 finished with value: 0.8876717582677035 and parameters: {'learning_rate': 0.20394133113610258, 'n_estimators': 1400, 'max_depth': 18, 'max_bin': 157, 'num_leaves': 40, 'reg_lambda': 0.019903674432001615, 'reg_alpha': 0}. Best is trial 71 with value: 0.8889076271646138.
[I 2023-08-18 19:24:06,318] Trial 153 finished with value: 0.8870012355892116 and parameters: {'learning_rate': 0.16986181162637645, 'n_estimators': 1350, 'max_depth': 14, 'max_bin': 151, 'num_leaves': 32, 'reg_lambda': 0.008747530861455771, 'reg_alpha': 0}. Best is trial 71 with value: 0.8889076271646138.
[I 2023-08-18 19:24:34,863] Trial 154 finished with value: 0.8881169271829192 and parameters: {'learning_rate': 0.1336135045183352, 'n_estimators': 1500, 'max_depth': 15, 'max_bin': 155, 'num_leaves': 47, 'reg_lambda': 0.004462154623262397, 'reg_alpha': 0}. Best is trial 71 with value: 0.8889076271646138.
[I 2023-08-18 19:25:05,159] Trial 155 finished with value: 0.8843130286022094 and parameters: {'learning_rate': 0.07438956379854708, 'n_estimators': 1500, 'max_depth': 15, 'max_bin': 154, 'num_leaves': 47, 'reg_lambda': 0.05742323497994437, 'reg_alpha': 0}. Best is trial 71 with value: 0.8889076271646138.
[I 2023-08-18 19:25:33,624] Trial 156 finished with value: 0.8892222731986006 and parameters: {'learning_rate': 0.14634506032319888, 'n_estimators': 1500, 'max_depth': 15, 'max_bin': 151, 'num_leaves': 44, 'reg_lambda': 0.002278578344372803, 'reg_alpha': 0}. Best is trial 156 with value: 0.8892222731986006.
[I 2023-08-18 19:26:01,742] Trial 157 finished with value: 0.8884138715618457 and parameters: {'learning_rate': 0.13828674813871528, 'n_estimators': 1450, 'max_depth': 14, 'max_bin': 152, 'num_leaves': 44, 'reg_lambda': 0.006189209299177371, 'reg_alpha': 0}. Best is trial 156 with value: 0.8892222731986006.
[I 2023-08-18 19:26:30,699] Trial 158 finished with value: 0.8882618754523932 and parameters: {'learning_rate': 0.1250045630214586, 'n_estimators': 1500, 'max_depth': 14, 'max_bin': 155, 'num_leaves': 44, 'reg_lambda': 0.0022584125770673054, 'reg_alpha': 0}. Best is trial 156 with value: 0.8892222731986006.
[I 2023-08-18 19:27:03,124] Trial 159 finished with value: 0.8874919464399893 and parameters: {'learning_rate': 0.10137268111727374, 'n_estimators': 1500, 'max_depth': 13, 'max_bin': 152, 'num_leaves': 42, 'reg_lambda': 0.002830552834357942, 'reg_alpha': 0}. Best is trial 156 with value: 0.8892222731986006.
[I 2023-08-18 19:27:31,697] Trial 160 finished with value: 0.8874181891251502 and parameters: {'learning_rate': 0.11980166258118852, 'n_estimators': 1500, 'max_depth': 14, 'max_bin': 155, 'num_leaves': 46, 'reg_lambda': 0.004354190943901158, 'reg_alpha': 0}. Best is trial 156 with value: 0.8892222731986006.
[I 2023-08-18 19:27:59,086] Trial 161 finished with value: 0.8888894880930707 and parameters: {'learning_rate': 0.13911458896264275, 'n_estimators': 1450, 'max_depth': 14, 'max_bin': 157, 'num_leaves': 44, 'reg_lambda': 0.0005838475784705349, 'reg_alpha': 0}. Best is trial 156 with value: 0.8892222731986006.
[I 2023-08-18 19:28:26,460] Trial 162 finished with value: 0.8872285566283663 and parameters: {'learning_rate': 0.135708794021277, 'n_estimators': 1450, 'max_depth': 13, 'max_bin': 156, 'num_leaves': 44, 'reg_lambda': 0.001283294662531016, 'reg_alpha': 0}. Best is trial 156 with value: 0.8892222731986006.
[I 2023-08-18 19:28:56,018] Trial 163 finished with value: 0.8855868360493295 and parameters: {'learning_rate': 0.0856148612926576, 'n_estimators': 1500, 'max_depth': 14, 'max_bin': 150, 'num_leaves': 48, 'reg_lambda': 0.0021743008799353296, 'reg_alpha': 0}. Best is trial 156 with value: 0.8892222731986006.
[I 2023-08-18 19:29:24,055] Trial 164 finished with value: 0.8874745105641477 and parameters: {'learning_rate': 0.15454211896217307, 'n_estimators': 1450, 'max_depth': 15, 'max_bin': 153, 'num_leaves': 40, 'reg_lambda': 0.0004630238499783317, 'reg_alpha': 0}. Best is trial 156 with value: 0.8892222731986006.
[I 2023-08-18 19:29:54,555] Trial 165 finished with value: 0.8829278939604999 and parameters: {'learning_rate': 0.10456257903215248, 'n_estimators': 1500, 'max_depth': 12, 'max_bin': 149, 'num_leaves': 36, 'reg_lambda': 0.0008998824923749005, 'reg_alpha': 2}. Best is trial 156 with value: 0.8892222731986006.
[I 2023-08-18 19:30:22,233] Trial 166 finished with value: 0.8874911121132323 and parameters: {'learning_rate': 0.13477197910917432, 'n_estimators': 1450, 'max_depth': 14, 'max_bin': 157, 'num_leaves': 50, 'reg_lambda': 0.004408641010120865, 'reg_alpha': 0}. Best is trial 156 with value: 0.8892222731986006.
[I 2023-08-18 19:30:50,906] Trial 167 finished with value: 0.886955552301352 and parameters: {'learning_rate': 0.16749624449123485, 'n_estimators': 1500, 'max_depth': 13, 'max_bin': 152, 'num_leaves': 42, 'reg_lambda': 0.0018078248700414755, 'reg_alpha': 0}. Best is trial 156 with value: 0.8892222731986006.
[I 2023-08-18 19:31:20,022] Trial 168 finished with value: 0.8845140080446342 and parameters: {'learning_rate': 0.07277931859054602, 'n_estimators': 1500, 'max_depth': 14, 'max_bin': 155, 'num_leaves': 45, 'reg_lambda': 0.00266349153049148, 'reg_alpha': 0}. Best is trial 156 with value: 0.8892222731986006.
[I 2023-08-18 19:31:47,569] Trial 169 finished with value: 0.8890477299623442 and parameters: {'learning_rate': 0.14112469350706452, 'n_estimators': 1450, 'max_depth': 15, 'max_bin': 149, 'num_leaves': 38, 'reg_lambda': 0.0005977921437525458, 'reg_alpha': 0}. Best is trial 156 with value: 0.8892222731986006.
[I 2023-08-18 19:32:16,633] Trial 170 finished with value: 0.8858342081528375 and parameters: {'learning_rate': 0.11028838398625425, 'n_estimators': 1450, 'max_depth': 12, 'max_bin': 158, 'num_leaves': 38, 'reg_lambda': 0.0006767188396760908, 'reg_alpha': 0}. Best is trial 156 with value: 0.8892222731986006.
[I 2023-08-18 19:32:45,653] Trial 171 finished with value: 0.88726471960204 and parameters: {'learning_rate': 0.14661565019805994, 'n_estimators': 1500, 'max_depth': 15, 'max_bin': 150, 'num_leaves': 34, 'reg_lambda': 0.0001643252218074316, 'reg_alpha': 0}. Best is trial 156 with value: 0.8892222731986006.
[I 2023-08-18 19:33:13,222] Trial 172 finished with value: 0.888201911681722 and parameters: {'learning_rate': 0.131892300897896, 'n_estimators': 1450, 'max_depth': 14, 'max_bin': 148, 'num_leaves': 40, 'reg_lambda': 0.0016367064900703048, 'reg_alpha': 0}. Best is trial 156 with value: 0.8892222731986006.
[I 2023-08-18 19:33:40,786] Trial 173 finished with value: 0.8874946720474549 and parameters: {'learning_rate': 0.13402050719564734, 'n_estimators': 1450, 'max_depth': 15, 'max_bin': 145, 'num_leaves': 40, 'reg_lambda': 0.0013553710697296868, 'reg_alpha': 0}. Best is trial 156 with value: 0.8892222731986006.
[I 2023-08-18 19:34:07,280] Trial 174 finished with value: 0.8866911025012634 and parameters: {'learning_rate': 0.15854224471181144, 'n_estimators': 1400, 'max_depth': 14, 'max_bin': 153, 'num_leaves': 36, 'reg_lambda': 0.0007891654629571556, 'reg_alpha': 0}. Best is trial 156 with value: 0.8892222731986006.
[I 2023-08-18 19:34:38,477] Trial 175 finished with value: 0.8743959646267241 and parameters: {'learning_rate': 0.03357435004526181, 'n_estimators': 1450, 'max_depth': 13, 'max_bin': 150, 'num_leaves': 42, 'reg_lambda': 0.00035459917262591344, 'reg_alpha': 0}. Best is trial 156 with value: 0.8892222731986006.
[I 2023-08-18 19:35:08,932] Trial 176 finished with value: 0.8867446264040095 and parameters: {'learning_rate': 0.09464327562664754, 'n_estimators': 1500, 'max_depth': 14, 'max_bin': 148, 'num_leaves': 44, 'reg_lambda': 0.0033489603310145077, 'reg_alpha': 0}. Best is trial 156 with value: 0.8892222731986006.
[I 2023-08-18 19:35:25,686] Trial 177 finished with value: 0.8826249976460291 and parameters: {'learning_rate': 0.12792514686246173, 'n_estimators': 800, 'max_depth': 15, 'max_bin': 155, 'num_leaves': 38, 'reg_lambda': 0.001868496307837229, 'reg_alpha': 0}. Best is trial 156 with value: 0.8892222731986006.
[I 2023-08-18 19:35:52,946] Trial 178 finished with value: 0.8885029422673313 and parameters: {'learning_rate': 0.1812033144059577, 'n_estimators': 1400, 'max_depth': 14, 'max_bin': 144, 'num_leaves': 47, 'reg_lambda': 0.0055255343968799355, 'reg_alpha': 0}. Best is trial 156 with value: 0.8892222731986006.
[I 2023-08-18 19:36:21,947] Trial 179 finished with value: 0.8818194394607971 and parameters: {'learning_rate': 0.060566979156108286, 'n_estimators': 1400, 'max_depth': 13, 'max_bin': 145, 'num_leaves': 46, 'reg_lambda': 0.004976113016734632, 'reg_alpha': 0}. Best is trial 156 with value: 0.8892222731986006.
[I 2023-08-18 19:36:49,128] Trial 180 finished with value: 0.888121914110245 and parameters: {'learning_rate': 0.17653933405811195, 'n_estimators': 1400, 'max_depth': 14, 'max_bin': 143, 'num_leaves': 32, 'reg_lambda': 0.0009549315596591846, 'reg_alpha': 0}. Best is trial 156 with value: 0.8892222731986006.
[I 2023-08-18 19:37:15,967] Trial 181 finished with value: 0.8875407901520369 and parameters: {'learning_rate': 0.17350778378926818, 'n_estimators': 1400, 'max_depth': 14, 'max_bin': 142, 'num_leaves': 34, 'reg_lambda': 0.001192950016614649, 'reg_alpha': 0}. Best is trial 156 with value: 0.8892222731986006.
[I 2023-08-18 19:37:43,452] Trial 182 finished with value: 0.8880418049702593 and parameters: {'learning_rate': 0.15280504281761043, 'n_estimators': 1450, 'max_depth': 14, 'max_bin': 139, 'num_leaves': 41, 'reg_lambda': 0.002227606291766083, 'reg_alpha': 0}. Best is trial 156 with value: 0.8892222731986006.
[I 2023-08-18 19:38:17,067] Trial 183 finished with value: 0.8880951738981903 and parameters: {'learning_rate': 0.1761031235252669, 'n_estimators': 1450, 'max_depth': 15, 'max_bin': 147, 'num_leaves': 36, 'reg_lambda': 0.0006211557307748748, 'reg_alpha': 0}. Best is trial 156 with value: 0.8892222731986006.
[I 2023-08-18 19:38:45,582] Trial 184 finished with value: 0.8841004142918975 and parameters: {'learning_rate': 0.11075037662416956, 'n_estimators': 1150, 'max_depth': 15, 'max_bin': 148, 'num_leaves': 32, 'reg_lambda': 0.00753750500577001, 'reg_alpha': 0}. Best is trial 156 with value: 0.8892222731986006.
[I 2023-08-18 19:39:11,610] Trial 185 finished with value: 0.8863847859788446 and parameters: {'learning_rate': 0.12672651674503763, 'n_estimators': 1350, 'max_depth': 14, 'max_bin': 144, 'num_leaves': 39, 'reg_lambda': 0.001136407627746233, 'reg_alpha': 0}. Best is trial 156 with value: 0.8892222731986006.
[I 2023-08-18 19:39:38,115] Trial 186 finished with value: 0.8865838491107432 and parameters: {'learning_rate': 0.14865655954974757, 'n_estimators': 1400, 'max_depth': 13, 'max_bin': 105, 'num_leaves': 48, 'reg_lambda': 0.0002246036075353354, 'reg_alpha': 0}. Best is trial 156 with value: 0.8892222731986006.
[I 2023-08-18 19:40:06,323] Trial 187 finished with value: 0.8859469868880515 and parameters: {'learning_rate': 0.08887626281818983, 'n_estimators': 1450, 'max_depth': 14, 'max_bin': 151, 'num_leaves': 43, 'reg_lambda': 0.00044301820744622, 'reg_alpha': 0}. Best is trial 156 with value: 0.8892222731986006.
[I 2023-08-18 19:40:37,464] Trial 188 finished with value: 0.8882561832751893 and parameters: {'learning_rate': 0.18497944713139058, 'n_estimators': 1400, 'max_depth': 12, 'max_bin': 143, 'num_leaves': 37, 'reg_lambda': 0.003037015307890748, 'reg_alpha': 0}. Best is trial 156 with value: 0.8892222731986006.
[I 2023-08-18 19:41:07,201] Trial 189 finished with value: 0.8859667361820955 and parameters: {'learning_rate': 0.20563172389165493, 'n_estimators': 1400, 'max_depth': 8, 'max_bin': 136, 'num_leaves': 32, 'reg_lambda': 0.0028140721206298303, 'reg_alpha': 0}. Best is trial 156 with value: 0.8892222731986006.
[I 2023-08-18 19:41:36,307] Trial 190 finished with value: 0.8878462824314852 and parameters: {'learning_rate': 0.17782195405960416, 'n_estimators': 1350, 'max_depth': 9, 'max_bin': 144, 'num_leaves': 39, 'reg_lambda': 0.0008163180636183056, 'reg_alpha': 0}. Best is trial 156 with value: 0.8892222731986006.
[I 2023-08-18 19:42:05,382] Trial 191 finished with value: 0.8868542613222166 and parameters: {'learning_rate': 0.1865786162181186, 'n_estimators': 1450, 'max_depth': 12, 'max_bin': 147, 'num_leaves': 36, 'reg_lambda': 0.0038130887628513377, 'reg_alpha': 0}. Best is trial 156 with value: 0.8892222731986006.
[I 2023-08-18 19:42:33,734] Trial 192 finished with value: 0.888116062991348 and parameters: {'learning_rate': 0.16430671229671695, 'n_estimators': 1400, 'max_depth': 15, 'max_bin': 140, 'num_leaves': 41, 'reg_lambda': 0.006804977556264889, 'reg_alpha': 0}. Best is trial 156 with value: 0.8892222731986006.
[I 2023-08-18 19:43:04,649] Trial 193 finished with value: 0.8854832553934628 and parameters: {'learning_rate': 0.5054323285744562, 'n_estimators': 1500, 'max_depth': 14, 'max_bin': 152, 'num_leaves': 45, 'reg_lambda': 0.0014787430829724514, 'reg_alpha': 0}. Best is trial 156 with value: 0.8892222731986006.
[I 2023-08-18 19:43:33,562] Trial 194 finished with value: 0.8874076787181068 and parameters: {'learning_rate': 0.129275620492663, 'n_estimators': 1450, 'max_depth': 15, 'max_bin': 157, 'num_leaves': 35, 'reg_lambda': 0.005214743915122586, 'reg_alpha': 0}. Best is trial 156 with value: 0.8892222731986006.
[I 2023-08-18 19:43:54,828] Trial 195 finished with value: 0.8856577431109978 and parameters: {'learning_rate': 0.2128467771193437, 'n_estimators': 1050, 'max_depth': 13, 'max_bin': 118, 'num_leaves': 38, 'reg_lambda': 0.0018897519562141641, 'reg_alpha': 0}. Best is trial 156 with value: 0.8892222731986006.
[I 2023-08-18 19:44:24,283] Trial 196 finished with value: 0.8865184630446097 and parameters: {'learning_rate': 0.14680591506184124, 'n_estimators': 1400, 'max_depth': 14, 'max_bin': 142, 'num_leaves': 43, 'reg_lambda': 0.010664976672882076, 'reg_alpha': 0}. Best is trial 156 with value: 0.8892222731986006.
[I 2023-08-18 19:44:53,254] Trial 197 finished with value: 0.8881615439987478 and parameters: {'learning_rate': 0.1847772322343665, 'n_estimators': 1450, 'max_depth': 15, 'max_bin': 149, 'num_leaves': 47, 'reg_lambda': 0.003631239361577272, 'reg_alpha': 0}. Best is trial 156 with value: 0.8892222731986006.
[I 2023-08-18 19:45:20,682] Trial 198 finished with value: 0.8889287553983524 and parameters: {'learning_rate': 0.19622079178979018, 'n_estimators': 1350, 'max_depth': 13, 'max_bin': 149, 'num_leaves': 40, 'reg_lambda': 1.623703843215226e-05, 'reg_alpha': 0}. Best is trial 156 with value: 0.8892222731986006.
[I 2023-08-18 19:45:35,716] Trial 199 finished with value: 0.8837781561238962 and parameters: {'learning_rate': 0.22786322352057098, 'n_estimators': 650, 'max_depth': 13, 'max_bin': 149, 'num_leaves': 41, 'reg_lambda': 0.00010516441397639881, 'reg_alpha': 0}. Best is trial 156 with value: 0.8892222731986006.
[I 2023-08-18 19:46:04,240] Trial 200 finished with value: 0.8868717273129244 and parameters: {'learning_rate': 0.1977309420450036, 'n_estimators': 1350, 'max_depth': 12, 'max_bin': 151, 'num_leaves': 44, 'reg_lambda': 2.3434971447498557e-05, 'reg_alpha': 0}. Best is trial 156 with value: 0.8892222731986006.
[I 2023-08-18 19:46:32,646] Trial 201 finished with value: 0.887559487028352 and parameters: {'learning_rate': 0.18018665834680117, 'n_estimators': 1350, 'max_depth': 14, 'max_bin': 146, 'num_leaves': 37, 'reg_lambda': 0.00026789510690715135, 'reg_alpha': 0}. Best is trial 156 with value: 0.8892222731986006.
[I 2023-08-18 19:46:59,393] Trial 202 finished with value: 0.8882171469684723 and parameters: {'learning_rate': 0.1601052361715039, 'n_estimators': 1300, 'max_depth': 13, 'max_bin': 143, 'num_leaves': 34, 'reg_lambda': 0.00046484749385708696, 'reg_alpha': 0}. Best is trial 156 with value: 0.8892222731986006.
[I 2023-08-18 19:47:26,716] Trial 203 finished with value: 0.8868442710213061 and parameters: {'learning_rate': 0.15562652476155298, 'n_estimators': 1300, 'max_depth': 13, 'max_bin': 148, 'num_leaves': 40, 'reg_lambda': 4.211918729550196e-07, 'reg_alpha': 0}. Best is trial 156 with value: 0.8892222731986006.
[I 2023-08-18 19:47:52,829] Trial 204 finished with value: 0.8870479205792311 and parameters: {'learning_rate': 0.2092149710269951, 'n_estimators': 1250, 'max_depth': 12, 'max_bin': 152, 'num_leaves': 49, 'reg_lambda': 0.003062515565488075, 'reg_alpha': 0}. Best is trial 156 with value: 0.8892222731986006.
[I 2023-08-18 19:48:21,497] Trial 205 finished with value: 0.8886337084981737 and parameters: {'learning_rate': 0.1926164643562632, 'n_estimators': 1450, 'max_depth': 10, 'max_bin': 145, 'num_leaves': 35, 'reg_lambda': 0.0004631002420349931, 'reg_alpha': 0}. Best is trial 156 with value: 0.8892222731986006.
[I 2023-08-18 19:48:49,158] Trial 206 finished with value: 0.8855678310622628 and parameters: {'learning_rate': 0.11269557256463708, 'n_estimators': 1350, 'max_depth': 10, 'max_bin': 145, 'num_leaves': 35, 'reg_lambda': 0.0005019194810738562, 'reg_alpha': 0}. Best is trial 156 with value: 0.8892222731986006.
[I 2023-08-18 19:49:18,411] Trial 207 finished with value: 0.8885828858235753 and parameters: {'learning_rate': 0.16613793112977737, 'n_estimators': 1450, 'max_depth': 10, 'max_bin': 141, 'num_leaves': 38, 'reg_lambda': 0.0005575791537943286, 'reg_alpha': 0}. Best is trial 156 with value: 0.8892222731986006.
[I 2023-08-18 19:49:41,963] Trial 208 finished with value: 0.8839389227343398 and parameters: {'learning_rate': 0.4003053287988347, 'n_estimators': 1300, 'max_depth': 10, 'max_bin': 137, 'num_leaves': 37, 'reg_lambda': 0.00043172871457935016, 'reg_alpha': 0}. Best is trial 156 with value: 0.8892222731986006.
[I 2023-08-18 19:50:07,402] Trial 209 finished with value: 0.8876056775233773 and parameters: {'learning_rate': 0.16133549121592092, 'n_estimators': 1400, 'max_depth': 10, 'max_bin': 140, 'num_leaves': 39, 'reg_lambda': 0.00027688376997134304, 'reg_alpha': 0}. Best is trial 156 with value: 0.8892222731986006.
[I 2023-08-18 19:50:35,084] Trial 210 finished with value: 0.886795589612056 and parameters: {'learning_rate': 0.13695617526431256, 'n_estimators': 1450, 'max_depth': 9, 'max_bin': 143, 'num_leaves': 34, 'reg_lambda': 0.0006653677743762049, 'reg_alpha': 0}. Best is trial 156 with value: 0.8892222731986006.
[I 2023-08-18 19:51:01,527] Trial 211 finished with value: 0.8878368398581455 and parameters: {'learning_rate': 0.18572074726639953, 'n_estimators': 1450, 'max_depth': 10, 'max_bin': 147, 'num_leaves': 109, 'reg_lambda': 0.0015924935955693462, 'reg_alpha': 0}. Best is trial 156 with value: 0.8892222731986006.
[I 2023-08-18 19:51:27,603] Trial 212 finished with value: 0.8875191842819803 and parameters: {'learning_rate': 0.1574505391774365, 'n_estimators': 1450, 'max_depth': 11, 'max_bin': 149, 'num_leaves': 42, 'reg_lambda': 0.0001939417288066662, 'reg_alpha': 0}. Best is trial 156 with value: 0.8892222731986006.
