[I 2023-08-18 19:52:05,900] Trial 213 finished with value: 0.8871606682197699 and parameters: {'learning_rate': 0.22144578485098915, 'n_estimators': 1400, 'max_depth': 11, 'max_bin': 145, 'num_leaves': 37, 'reg_lambda': 0.0007862156670037047, 'reg_alpha': 0}. Best is trial 156 with value: 0.8892222731986006.
[I 2023-08-18 19:52:47,838] Trial 214 finished with value: 0.8868927935950918 and parameters: {'learning_rate': 0.20011826145110495, 'n_estimators': 1450, 'max_depth': 9, 'max_bin': 140, 'num_leaves': 45, 'reg_lambda': 6.778434084302058e-05, 'reg_alpha': 0}. Best is trial 156 with value: 0.8892222731986006.
[I 2023-08-18 19:53:19,857] Trial 215 finished with value: 0.8870279693035134 and parameters: {'learning_rate': 0.17135445651643968, 'n_estimators': 1450, 'max_depth': 13, 'max_bin': 150, 'num_leaves': 34, 'reg_lambda': 0.002188404135503269, 'reg_alpha': 0}. Best is trial 156 with value: 0.8892222731986006.
[I 2023-08-18 19:53:48,307] Trial 216 finished with value: 0.8863539211121649 and parameters: {'learning_rate': 0.12268670100231681, 'n_estimators': 1350, 'max_depth': 9, 'max_bin': 134, 'num_leaves': 39, 'reg_lambda': 0.00034760641515059444, 'reg_alpha': 0}. Best is trial 156 with value: 0.8892222731986006.
[I 2023-08-18 19:54:15,347] Trial 217 finished with value: 0.7836165838748121 and parameters: {'learning_rate': 0.6045183365633091, 'n_estimators': 1300, 'max_depth': 8, 'max_bin': 143, 'num_leaves': 47, 'reg_lambda': 0.001059360388231746, 'reg_alpha': 0}. Best is trial 156 with value: 0.8892222731986006.
[I 2023-08-18 19:54:44,276] Trial 218 finished with value: 0.8873067316625554 and parameters: {'learning_rate': 0.14975725892841832, 'n_estimators': 1400, 'max_depth': 12, 'max_bin': 146, 'num_leaves': 43, 'reg_lambda': 0.0005986752393759563, 'reg_alpha': 0}. Best is trial 156 with value: 0.8892222731986006.
[I 2023-08-18 19:55:14,507] Trial 219 finished with value: 0.887120457326775 and parameters: {'learning_rate': 0.1879078370937941, 'n_estimators': 1450, 'max_depth': 13, 'max_bin': 154, 'num_leaves': 37, 'reg_lambda': 0.012987587165792711, 'reg_alpha': 0}. Best is trial 156 with value: 0.8892222731986006.
[I 2023-08-18 19:55:45,226] Trial 220 finished with value: 0.8868952745718033 and parameters: {'learning_rate': 0.24003746015602592, 'n_estimators': 1450, 'max_depth': 15, 'max_bin': 148, 'num_leaves': 40, 'reg_lambda': 0.005915161562142055, 'reg_alpha': 0}. Best is trial 156 with value: 0.8892222731986006.
[I 2023-08-18 19:56:15,791] Trial 221 finished with value: 0.8875848894538498 and parameters: {'learning_rate': 0.19705522557401792, 'n_estimators': 1500, 'max_depth': 14, 'max_bin': 153, 'num_leaves': 42, 'reg_lambda': 0.00315917773137336, 'reg_alpha': 0}. Best is trial 156 with value: 0.8892222731986006.
[I 2023-08-18 19:56:47,719] Trial 222 finished with value: 0.8880748859668224 and parameters: {'learning_rate': 0.16053884708269459, 'n_estimators': 1500, 'max_depth': 16, 'max_bin': 150, 'num_leaves': 45, 'reg_lambda': 0.0011568268753044766, 'reg_alpha': 0}. Best is trial 156 with value: 0.8892222731986006.
[I 2023-08-18 19:57:18,625] Trial 223 finished with value: 0.8878745026127518 and parameters: {'learning_rate': 0.2193262705146791, 'n_estimators': 1500, 'max_depth': 11, 'max_bin': 156, 'num_leaves': 34, 'reg_lambda': 0.008271875180429359, 'reg_alpha': 0}. Best is trial 156 with value: 0.8892222731986006.
[I 2023-08-18 19:57:48,220] Trial 224 finished with value: 0.8866374400495065 and parameters: {'learning_rate': 0.17493689765981046, 'n_estimators': 1450, 'max_depth': 18, 'max_bin': 153, 'num_leaves': 40, 'reg_lambda': 0.000166201277246854, 'reg_alpha': 0}. Best is trial 156 with value: 0.8892222731986006.
[I 2023-08-18 19:58:18,408] Trial 225 finished with value: 0.8873542513724182 and parameters: {'learning_rate': 0.14122684958964893, 'n_estimators': 1450, 'max_depth': 14, 'max_bin': 158, 'num_leaves': 37, 'reg_lambda': 4.118175067219522e-06, 'reg_alpha': 0}. Best is trial 156 with value: 0.8892222731986006.
[I 2023-08-18 19:58:55,618] Trial 226 finished with value: 0.8876657185830664 and parameters: {'learning_rate': 0.10873155714050808, 'n_estimators': 1500, 'max_depth': 17, 'max_bin': 151, 'num_leaves': 49, 'reg_lambda': 0.0003789658753670929, 'reg_alpha': 0}. Best is trial 156 with value: 0.8892222731986006.
[I 2023-08-18 19:59:37,974] Trial 227 finished with value: 0.8761131675893304 and parameters: {'learning_rate': 0.19972533463087613, 'n_estimators': 1400, 'max_depth': 15, 'max_bin': 59, 'num_leaves': 42, 'reg_lambda': 0.0020393441150012774, 'reg_alpha': 0}. Best is trial 156 with value: 0.8892222731986006.
[I 2023-08-18 20:00:22,671] Trial 228 finished with value: 0.888616738828202 and parameters: {'learning_rate': 0.17891284485151454, 'n_estimators': 1500, 'max_depth': 14, 'max_bin': 148, 'num_leaves': 46, 'reg_lambda': 0.06849903458702648, 'reg_alpha': 0}. Best is trial 156 with value: 0.8892222731986006.
[I 2023-08-18 20:01:07,772] Trial 229 finished with value: 0.8845857218708766 and parameters: {'learning_rate': 0.139404344186471, 'n_estimators': 1450, 'max_depth': 13, 'max_bin': 96, 'num_leaves': 128, 'reg_lambda': 0.17407102185004766, 'reg_alpha': 0}. Best is trial 156 with value: 0.8892222731986006.
[I 2023-08-18 20:01:52,312] Trial 230 finished with value: 0.8871806170187215 and parameters: {'learning_rate': 0.16683275037835332, 'n_estimators': 1500, 'max_depth': 14, 'max_bin': 146, 'num_leaves': 47, 'reg_lambda': 0.0038146764122045217, 'reg_alpha': 0}. Best is trial 156 with value: 0.8892222731986006.
[I 2023-08-18 20:02:38,001] Trial 231 finished with value: 0.8872102706862733 and parameters: {'learning_rate': 0.18839557221670652, 'n_estimators': 1500, 'max_depth': 15, 'max_bin': 148, 'num_leaves': 43, 'reg_lambda': 0.047669557658148454, 'reg_alpha': 0}. Best is trial 156 with value: 0.8892222731986006.
[I 2023-08-18 20:03:23,245] Trial 232 finished with value: 0.887868434226629 and parameters: {'learning_rate': 0.21852266920914243, 'n_estimators': 1500, 'max_depth': 14, 'max_bin': 144, 'num_leaves': 46, 'reg_lambda': 0.10619383008297027, 'reg_alpha': 0}. Best is trial 156 with value: 0.8892222731986006.
[I 2023-08-18 20:04:08,236] Trial 233 finished with value: 0.8885649030451608 and parameters: {'learning_rate': 0.17572061498248914, 'n_estimators': 1500, 'max_depth': 14, 'max_bin': 154, 'num_leaves': 39, 'reg_lambda': 0.07939681108843026, 'reg_alpha': 0}. Best is trial 156 with value: 0.8892222731986006.
[I 2023-08-18 20:04:51,263] Trial 234 finished with value: 0.8875481111295855 and parameters: {'learning_rate': 0.16312993150739546, 'n_estimators': 1450, 'max_depth': 14, 'max_bin': 151, 'num_leaves': 35, 'reg_lambda': 0.031063454392859253, 'reg_alpha': 0}. Best is trial 156 with value: 0.8892222731986006.
[I 2023-08-18 20:05:24,102] Trial 235 finished with value: 0.8769619345141116 and parameters: {'learning_rate': 0.7901676983076935, 'n_estimators': 1450, 'max_depth': 14, 'max_bin': 85, 'num_leaves': 39, 'reg_lambda': 0.07208923334581192, 'reg_alpha': 0}. Best is trial 156 with value: 0.8892222731986006.
[I 2023-08-18 20:05:56,057] Trial 236 finished with value: 0.88680220799226 and parameters: {'learning_rate': 0.12407452657439935, 'n_estimators': 1500, 'max_depth': 13, 'max_bin': 149, 'num_leaves': 32, 'reg_lambda': 0.2057078630475642, 'reg_alpha': 0}. Best is trial 156 with value: 0.8892222731986006.
[I 2023-08-18 20:06:25,924] Trial 237 finished with value: 0.8871374296710846 and parameters: {'learning_rate': 0.14699787760285976, 'n_estimators': 1450, 'max_depth': 15, 'max_bin': 155, 'num_leaves': 51, 'reg_lambda': 0.0017639410105241948, 'reg_alpha': 0}. Best is trial 156 with value: 0.8892222731986006.
[I 2023-08-18 20:06:55,095] Trial 238 finished with value: 0.8874131441763499 and parameters: {'learning_rate': 0.1818024961816333, 'n_estimators': 1400, 'max_depth': 14, 'max_bin': 141, 'num_leaves': 44, 'reg_lambda': 6.372015349782742e-05, 'reg_alpha': 0}. Best is trial 156 with value: 0.8892222731986006.
[I 2023-08-18 20:07:27,245] Trial 239 finished with value: 0.8841097114643185 and parameters: {'learning_rate': 0.09700267174067963, 'n_estimators': 1500, 'max_depth': 15, 'max_bin': 146, 'num_leaves': 38, 'reg_lambda': 0.02083923640868158, 'reg_alpha': 2}. Best is trial 156 with value: 0.8892222731986006.
[I 2023-08-18 20:07:56,087] Trial 240 finished with value: 0.8861052995257598 and parameters: {'learning_rate': 0.207324953071851, 'n_estimators': 1400, 'max_depth': 13, 'max_bin': 153, 'num_leaves': 41, 'reg_lambda': 0.0005601645038178098, 'reg_alpha': 0}. Best is trial 156 with value: 0.8892222731986006.
[I 2023-08-18 20:08:27,762] Trial 241 finished with value: 0.8875992689658025 and parameters: {'learning_rate': 0.18731145593263934, 'n_estimators': 1500, 'max_depth': 18, 'max_bin': 156, 'num_leaves': 41, 'reg_lambda': 0.06445522684452344, 'reg_alpha': 0}. Best is trial 156 with value: 0.8892222731986006.
[I 2023-08-18 20:08:58,079] Trial 242 finished with value: 0.8860053343241237 and parameters: {'learning_rate': 0.34015321772089374, 'n_estimators': 1450, 'max_depth': 9, 'max_bin': 151, 'num_leaves': 36, 'reg_lambda': 0.10897637165484665, 'reg_alpha': 0}. Best is trial 156 with value: 0.8892222731986006.
[I 2023-08-18 20:09:29,412] Trial 243 finished with value: 0.887526244282782 and parameters: {'learning_rate': 0.1669569024549412, 'n_estimators': 1500, 'max_depth': 17, 'max_bin': 159, 'num_leaves': 44, 'reg_lambda': 0.012237759507448674, 'reg_alpha': 0}. Best is trial 156 with value: 0.8892222731986006.
[I 2023-08-18 20:10:00,776] Trial 244 finished with value: 0.8874843090766784 and parameters: {'learning_rate': 0.1453434477465685, 'n_estimators': 1500, 'max_depth': 14, 'max_bin': 153, 'num_leaves': 47, 'reg_lambda': 0.07562438303556257, 'reg_alpha': 0}. Best is trial 156 with value: 0.8892222731986006.
[I 2023-08-18 20:10:30,829] Trial 245 finished with value: 0.8854539649122046 and parameters: {'learning_rate': 0.35145667659834523, 'n_estimators': 1450, 'max_depth': 16, 'max_bin': 148, 'num_leaves': 38, 'reg_lambda': 0.006087775632684437, 'reg_alpha': 0}. Best is trial 156 with value: 0.8892222731986006.
[I 2023-08-18 20:11:08,229] Trial 246 finished with value: 0.8670267056098633 and parameters: {'learning_rate': 0.020477105010131363, 'n_estimators': 1500, 'max_depth': 14, 'max_bin': 154, 'num_leaves': 41, 'reg_lambda': 0.14877164437156856, 'reg_alpha': 0}. Best is trial 156 with value: 0.8892222731986006.
[I 2023-08-18 20:11:38,134] Trial 247 finished with value: 0.8876032049599166 and parameters: {'learning_rate': 0.19619211452616614, 'n_estimators': 1450, 'max_depth': 12, 'max_bin': 150, 'num_leaves': 90, 'reg_lambda': 0.03353679664357909, 'reg_alpha': 0}. Best is trial 156 with value: 0.8892222731986006.
[I 2023-08-18 20:12:08,162] Trial 248 finished with value: 0.8871636320912163 and parameters: {'learning_rate': 0.17520134297133025, 'n_estimators': 1450, 'max_depth': 15, 'max_bin': 143, 'num_leaves': 34, 'reg_lambda': 0.0031277303711409105, 'reg_alpha': 0}. Best is trial 156 with value: 0.8892222731986006.
[I 2023-08-18 20:12:39,279] Trial 249 finished with value: 0.8872687026679728 and parameters: {'learning_rate': 0.12685320459421862, 'n_estimators': 1500, 'max_depth': 18, 'max_bin': 156, 'num_leaves': 50, 'reg_lambda': 0.0014239087066983743, 'reg_alpha': 0}. Best is trial 156 with value: 0.8892222731986006.
[I 2023-08-18 20:13:13,113] Trial 250 finished with value: 0.8856046335474599 and parameters: {'learning_rate': 0.23079092940679055, 'n_estimators': 1400, 'max_depth': 10, 'max_bin': 147, 'num_leaves': 45, 'reg_lambda': 0.0007574164138544632, 'reg_alpha': 1}. Best is trial 156 with value: 0.8892222731986006.
[I 2023-08-18 20:13:43,758] Trial 251 finished with value: 0.8836314665749242 and parameters: {'learning_rate': 0.430512294164077, 'n_estimators': 1500, 'max_depth': 13, 'max_bin': 160, 'num_leaves': 39, 'reg_lambda': 0.00034846043494939224, 'reg_alpha': 0}. Best is trial 156 with value: 0.8892222731986006.
[I 2023-08-18 20:14:13,486] Trial 252 finished with value: 0.8884995948912469 and parameters: {'learning_rate': 0.1556813252125542, 'n_estimators': 1450, 'max_depth': 17, 'max_bin': 152, 'num_leaves': 36, 'reg_lambda': 0.004601912010993002, 'reg_alpha': 0}. Best is trial 156 with value: 0.8892222731986006.
[I 2023-08-18 20:14:43,336] Trial 253 finished with value: 0.8863822197638507 and parameters: {'learning_rate': 0.15416881201500798, 'n_estimators': 1400, 'max_depth': 16, 'max_bin': 150, 'num_leaves': 33, 'reg_lambda': 0.007957641785028446, 'reg_alpha': 0}. Best is trial 156 with value: 0.8892222731986006.
[I 2023-08-18 20:15:12,131] Trial 254 finished with value: 0.8857524221652078 and parameters: {'learning_rate': 0.11329453179512027, 'n_estimators': 1350, 'max_depth': 7, 'max_bin': 146, 'num_leaves': 35, 'reg_lambda': 0.002706554442440998, 'reg_alpha': 0}. Best is trial 156 with value: 0.8892222731986006.
[I 2023-08-18 20:15:42,961] Trial 255 finished with value: 0.8837597894399518 and parameters: {'learning_rate': 0.0755524850233979, 'n_estimators': 1450, 'max_depth': 14, 'max_bin': 144, 'num_leaves': 37, 'reg_lambda': 0.006479639890894734, 'reg_alpha': 0}. Best is trial 156 with value: 0.8892222731986006.
[I 2023-08-18 20:16:15,675] Trial 256 finished with value: 0.8877648883216251 and parameters: {'learning_rate': 0.14052744223955013, 'n_estimators': 1450, 'max_depth': 17, 'max_bin': 152, 'num_leaves': 32, 'reg_lambda': 0.005322786146267495, 'reg_alpha': 0}. Best is trial 156 with value: 0.8892222731986006.
[I 2023-08-18 20:16:44,534] Trial 257 finished with value: 0.8883123928552674 and parameters: {'learning_rate': 0.1642501069314402, 'n_estimators': 1400, 'max_depth': 15, 'max_bin': 148, 'num_leaves': 36, 'reg_lambda': 0.003861662784417539, 'reg_alpha': 0}. Best is trial 156 with value: 0.8892222731986006.
[I 2023-08-18 20:17:14,590] Trial 258 finished with value: 0.8873311526116284 and parameters: {'learning_rate': 0.1631037713482088, 'n_estimators': 1400, 'max_depth': 14, 'max_bin': 142, 'num_leaves': 36, 'reg_lambda': 0.30710559130505294, 'reg_alpha': 0}. Best is trial 156 with value: 0.8892222731986006.
[I 2023-08-18 20:17:42,195] Trial 259 finished with value: 0.8849865640167577 and parameters: {'learning_rate': 0.38100308626245916, 'n_estimators': 1350, 'max_depth': 13, 'max_bin': 138, 'num_leaves': 38, 'reg_lambda': 0.012193608654233972, 'reg_alpha': 0}. Best is trial 156 with value: 0.8892222731986006.
[I 2023-08-18 20:18:12,406] Trial 260 finished with value: 0.8875560519150844 and parameters: {'learning_rate': 0.1250971482835809, 'n_estimators': 1400, 'max_depth': 14, 'max_bin': 157, 'num_leaves': 36, 'reg_lambda': 0.0010397771505258953, 'reg_alpha': 0}. Best is trial 156 with value: 0.8892222731986006.
[I 2023-08-18 20:18:41,076] Trial 261 finished with value: 0.887919530064209 and parameters: {'learning_rate': 0.14739637386916735, 'n_estimators': 1400, 'max_depth': 15, 'max_bin': 148, 'num_leaves': 40, 'reg_lambda': 0.002210926506338472, 'reg_alpha': 0}. Best is trial 156 with value: 0.8892222731986006.
[I 2023-08-18 20:19:10,493] Trial 262 finished with value: 0.8873873355686076 and parameters: {'learning_rate': 0.2504701262895963, 'n_estimators': 1450, 'max_depth': 17, 'max_bin': 152, 'num_leaves': 32, 'reg_lambda': 0.000196576501141479, 'reg_alpha': 0}. Best is trial 156 with value: 0.8892222731986006.
[I 2023-08-18 20:19:39,036] Trial 263 finished with value: 0.8841172700594164 and parameters: {'learning_rate': 0.09373478629739954, 'n_estimators': 1300, 'max_depth': 18, 'max_bin': 146, 'num_leaves': 35, 'reg_lambda': 1.4669918257336693e-05, 'reg_alpha': 1}. Best is trial 156 with value: 0.8892222731986006.
[I 2023-08-18 20:20:08,658] Trial 264 finished with value: 0.8870431310250021 and parameters: {'learning_rate': 0.16422413873535463, 'n_estimators': 1400, 'max_depth': 14, 'max_bin': 154, 'num_leaves': 43, 'reg_lambda': 0.004336330877163997, 'reg_alpha': 0}. Best is trial 156 with value: 0.8892222731986006.
[I 2023-08-18 20:20:39,676] Trial 265 finished with value: 0.887567671015425 and parameters: {'learning_rate': 0.20967664112490547, 'n_estimators': 1450, 'max_depth': 11, 'max_bin': 150, 'num_leaves': 40, 'reg_lambda': 0.018216372294033154, 'reg_alpha': 0}. Best is trial 156 with value: 0.8892222731986006.
[I 2023-08-18 20:21:11,791] Trial 266 finished with value: 0.8876705937583804 and parameters: {'learning_rate': 0.1313455707991578, 'n_estimators': 1500, 'max_depth': 13, 'max_bin': 144, 'num_leaves': 38, 'reg_lambda': 0.14192886450468342, 'reg_alpha': 0}. Best is trial 156 with value: 0.8892222731986006.
[I 2023-08-18 20:21:40,210] Trial 267 finished with value: 0.8862616715926308 and parameters: {'learning_rate': 0.10951398948648688, 'n_estimators': 1350, 'max_depth': 16, 'max_bin': 155, 'num_leaves': 43, 'reg_lambda': 0.00047772325470161526, 'reg_alpha': 0}. Best is trial 156 with value: 0.8892222731986006.
[I 2023-08-18 20:22:09,698] Trial 268 finished with value: 0.8823782064419181 and parameters: {'learning_rate': 0.17768204109969885, 'n_estimators': 1450, 'max_depth': 15, 'max_bin': 78, 'num_leaves': 35, 'reg_lambda': 0.0014614160280672776, 'reg_alpha': 0}. Best is trial 156 with value: 0.8892222731986006.
[I 2023-08-18 20:22:38,493] Trial 269 finished with value: 0.8864842137413455 and parameters: {'learning_rate': 0.15072372914664378, 'n_estimators': 1400, 'max_depth': 9, 'max_bin': 147, 'num_leaves': 39, 'reg_lambda': 0.00027253129527915373, 'reg_alpha': 0}. Best is trial 156 with value: 0.8892222731986006.
[I 2023-08-18 20:23:09,866] Trial 270 finished with value: 0.8877557639292742 and parameters: {'learning_rate': 0.2120474053246243, 'n_estimators': 1500, 'max_depth': 18, 'max_bin': 140, 'num_leaves': 42, 'reg_lambda': 8.821160723131642e-10, 'reg_alpha': 0}. Best is trial 156 with value: 0.8892222731986006.
[I 2023-08-18 20:23:39,879] Trial 271 finished with value: 0.88162093539881 and parameters: {'learning_rate': 0.0617842191545806, 'n_estimators': 1350, 'max_depth': 10, 'max_bin': 152, 'num_leaves': 34, 'reg_lambda': 0.25388245148822325, 'reg_alpha': 0}. Best is trial 156 with value: 0.8892222731986006.
[I 2023-08-18 20:24:10,634] Trial 272 finished with value: 0.8876465530479625 and parameters: {'learning_rate': 0.16984680933461466, 'n_estimators': 1450, 'max_depth': 14, 'max_bin': 158, 'num_leaves': 37, 'reg_lambda': 3.1038876045899156e-05, 'reg_alpha': 0}. Best is trial 156 with value: 0.8892222731986006.
[I 2023-08-18 20:24:41,302] Trial 273 finished with value: 0.8877019746875068 and parameters: {'learning_rate': 0.1950749908083477, 'n_estimators': 1500, 'max_depth': 19, 'max_bin': 149, 'num_leaves': 46, 'reg_lambda': 0.009412035743941253, 'reg_alpha': 0}. Best is trial 156 with value: 0.8892222731986006.
[I 2023-08-18 20:25:10,542] Trial 274 finished with value: 0.8867706336863572 and parameters: {'learning_rate': 0.1254202759160747, 'n_estimators': 1450, 'max_depth': 8, 'max_bin': 145, 'num_leaves': 41, 'reg_lambda': 0.00014083949682278788, 'reg_alpha': 0}. Best is trial 156 with value: 0.8892222731986006.
[I 2023-08-18 20:25:39,393] Trial 275 finished with value: 0.8854937412389188 and parameters: {'learning_rate': 0.4467257358082536, 'n_estimators': 1400, 'max_depth': 15, 'max_bin': 142, 'num_leaves': 49, 'reg_lambda': 0.0008454459646523956, 'reg_alpha': 0}. Best is trial 156 with value: 0.8892222731986006.
[I 2023-08-18 20:26:12,245] Trial 276 finished with value: 0.8862439659763229 and parameters: {'learning_rate': 0.4942411086148791, 'n_estimators': 1500, 'max_depth': 12, 'max_bin': 155, 'num_leaves': 44, 'reg_lambda': 0.4913305381930743, 'reg_alpha': 0}. Best is trial 156 with value: 0.8892222731986006.
[I 2023-08-18 20:26:43,235] Trial 277 finished with value: 0.8877386544347973 and parameters: {'learning_rate': 0.14574251064636046, 'n_estimators': 1450, 'max_depth': 13, 'max_bin': 151, 'num_leaves': 38, 'reg_lambda': 0.04823780616793526, 'reg_alpha': 0}. Best is trial 156 with value: 0.8892222731986006.
[I 2023-08-18 20:27:14,678] Trial 278 finished with value: 0.8883896663304671 and parameters: {'learning_rate': 0.18460746516460944, 'n_estimators': 1450, 'max_depth': 17, 'max_bin': 148, 'num_leaves': 32, 'reg_lambda': 0.09276892000050313, 'reg_alpha': 0}. Best is trial 156 with value: 0.8892222731986006.
[I 2023-08-18 20:27:43,081] Trial 279 finished with value: 0.8870471589328902 and parameters: {'learning_rate': 0.23456824249213834, 'n_estimators': 1400, 'max_depth': 17, 'max_bin': 153, 'num_leaves': 33, 'reg_lambda': 0.09278927853252002, 'reg_alpha': 0}. Best is trial 156 with value: 0.8892222731986006.
[I 2023-08-18 20:28:13,801] Trial 280 finished with value: 0.8864152404303528 and parameters: {'learning_rate': 0.32429840609298927, 'n_estimators': 1500, 'max_depth': 17, 'max_bin': 157, 'num_leaves': 32, 'reg_lambda': 8.073599040489946e-06, 'reg_alpha': 0}. Best is trial 156 with value: 0.8892222731986006.
[I 2023-08-18 20:28:33,135] Trial 281 finished with value: 0.8845865770080394 and parameters: {'learning_rate': 0.1867244496343888, 'n_estimators': 900, 'max_depth': 16, 'max_bin': 149, 'num_leaves': 37, 'reg_lambda': 0.17551592831156726, 'reg_alpha': 0}. Best is trial 156 with value: 0.8892222731986006.
[I 2023-08-18 20:28:59,306] Trial 282 finished with value: 0.6444886700602179 and parameters: {'learning_rate': 0.9326984238747127, 'n_estimators': 1450, 'max_depth': 17, 'max_bin': 145, 'num_leaves': 35, 'reg_lambda': 0.02931930933424592, 'reg_alpha': 0}. Best is trial 156 with value: 0.8892222731986006.
[I 2023-08-18 20:29:20,849] Trial 283 finished with value: 0.8866951343414424 and parameters: {'learning_rate': 0.20654468280899074, 'n_estimators': 1000, 'max_depth': 18, 'max_bin': 160, 'num_leaves': 34, 'reg_lambda': 0.07764136713408681, 'reg_alpha': 0}. Best is trial 156 with value: 0.8892222731986006.
