[I 2023-08-18 22:14:39,503] Trial 497 finished with value: 0.8861842831080601 and parameters: {'learning_rate': 0.1568152753932023, 'n_estimators': 1050, 'max_depth': 15, 'max_bin': 160, 'num_leaves': 140, 'reg_lambda': 9.605365167737363e-07, 'reg_alpha': 0}. Best is trial 378 with value: 0.8892948053134975.
[I 2023-08-18 22:15:10,203] Trial 498 finished with value: 0.8848075893427556 and parameters: {'learning_rate': 0.0794608341506858, 'n_estimators': 1450, 'max_depth': 14, 'max_bin': 142, 'num_leaves': 75, 'reg_lambda': 0.2019117138850475, 'reg_alpha': 0}. Best is trial 378 with value: 0.8892948053134975.
[I 2023-08-18 22:15:36,911] Trial 499 finished with value: 0.6265951757777739 and parameters: {'learning_rate': 0.8936202060407732, 'n_estimators': 1400, 'max_depth': 18, 'max_bin': 148, 'num_leaves': 38, 'reg_lambda': 1.2415522638184527e-07, 'reg_alpha': 0}. Best is trial 378 with value: 0.8892948053134975.
